# JRE version: Java(TM) SE Runtime Environment (17.0.5+9) (build 17.0.5+9-LTS-191)
# Java VM: Java HotSpot(TM) 64-Bit Server VM (17.0.5+9-LTS-191, mixed mode, sharing, tiered, compressed oops, compressed class ptrs, g1 gc, windows-amd64)
GC Precious Log:
 CPUs: 4 total, 4 available
 Memory: 8025M
 Large Page Support: Disabled
 NUMA Support: Disabled
 Compressed Oops: Enabled (32-bit)
 Heap Region Size: 1M
 Heap Min Capacity: 8M
 Heap Initial Capacity: 126M
 Heap Max Capacity: 2008M
 Pre-touch: Disabled
 Parallel Workers: 4
 Concurrent Workers: 1
 Concurrent Refinement Workers: 4
 Periodic GC: Disabled
Heap:
 garbage-first heap   total 93184K, used 71317K [0x0000000082800000, 0x0000000100000000)
  region size 1024K, 33 young (33792K), 1 survivors (1024K)
 Metaspace       used 11067K, committed 11328K, reserved 1064960K
  class space    used 1276K, committed 1408K, reserved 1048576K
GC Heap History (20 events):
Event: 5.318 GC heap before
{Heap before GC invocations=3 (full 1):
 garbage-first heap   total 20480K, used 9390K [0x0000000082800000, 0x0000000100000000)
  region size 1024K, 1 young (1024K), 1 survivors (1024K)
 Metaspace       used 9450K, committed 9728K, reserved 1064960K
  class space    used 1086K, committed 1216K, reserved 1048576K
}
Event: 5.319 GC heap after
{Heap after GC invocations=4 (full 1):
 garbage-first heap   total 20480K, used 9368K [0x0000000082800000, 0x0000000100000000)
  region size 1024K, 1 young (1024K), 1 survivors (1024K)
 Metaspace       used 9450K, committed 9728K, reserved 1064960K
  class space    used 1086K, committed 1216K, reserved 1048576K
}
Event: 5.332 GC heap before
{Heap before GC invocations=4 (full 1):
 garbage-first heap   total 20480K, used 17560K [0x0000000082800000, 0x0000000100000000)
  region size 1024K, 1 young (1024K), 1 survivors (1024K)
 Metaspace       used 9450K, committed 9728K, reserved 1064960K
  class space    used 1086K, committed 1216K, reserved 1048576K
}
Event: 5.333 GC heap after
{Heap after GC invocations=5 (full 1):
 garbage-first heap   total 20480K, used 17558K [0x0000000082800000, 0x0000000100000000)
  region size 1024K, 1 young (1024K), 1 survivors (1024K)
 Metaspace       used 9450K, committed 9728K, reserved 1064960K
  class space    used 1086K, committed 1216K, reserved 1048576K
}
Event: 5.538 GC heap before
{Heap before GC invocations=6 (full 1):
 garbage-first heap   total 34816K, used 21654K [0x0000000082800000, 0x0000000100000000)
  region size 1024K, 2 young (2048K), 1 survivors (1024K)
 Metaspace       used 9482K, committed 9728K, reserved 1064960K
  class space    used 1088K, committed 1216K, reserved 1048576K
}
Event: 5.539 GC heap after
{Heap after GC invocations=7 (full 1):
 garbage-first heap   total 34816K, used 21181K [0x0000000082800000, 0x0000000100000000)
  region size 1024K, 1 young (1024K), 1 survivors (1024K)
 Metaspace       used 9482K, committed 9728K, reserved 1064960K
  class space    used 1088K, committed 1216K, reserved 1048576K
}
Event: 5.578 GC heap before
{Heap before GC invocations=7 (full 1):
 garbage-first heap   total 34816K, used 22205K [0x0000000082800000, 0x0000000100000000)
  region size 1024K, 2 young (2048K), 1 survivors (1024K)
 Metaspace       used 9530K, committed 9792K, reserved 1064960K
  class space    used 1089K, committed 1216K, reserved 1048576K
}
Event: 5.579 GC heap after
{Heap after GC invocations=8 (full 1):
 garbage-first heap   total 34816K, used 21499K [0x0000000082800000, 0x0000000100000000)
  region size 1024K, 1 young (1024K), 1 survivors (1024K)
 Metaspace       used 9530K, committed 9792K, reserved 1064960K
  class space    used 1089K, committed 1216K, reserved 1048576K
}
Event: 5.612 GC heap before
{Heap before GC invocations=8 (full 1):
 garbage-first heap   total 34816K, used 22523K [0x0000000082800000, 0x0000000100000000)
  region size 1024K, 3 young (3072K), 1 survivors (1024K)
 Metaspace       used 9571K, committed 9792K, reserved 1064960K
  class space    used 1089K, committed 1216K, reserved 1048576K
}
Event: 5.613 GC heap after
{Heap after GC invocations=9 (full 1):
 garbage-first heap   total 34816K, used 22169K [0x0000000082800000, 0x0000000100000000)
  region size 1024K, 1 young (1024K), 1 survivors (1024K)
 Metaspace       used 9571K, committed 9792K, reserved 1064960K
  class space    used 1089K, committed 1216K, reserved 1048576K
}
Event: 5.668 GC heap before
{Heap before GC invocations=10 (full 1):
 garbage-first heap   total 39936K, used 24217K [0x0000000082800000, 0x0000000100000000)
  region size 1024K, 4 young (4096K), 1 survivors (1024K)
 Metaspace       used 9655K, committed 9920K, reserved 1064960K
  class space    used 1089K, committed 1216K, reserved 1048576K
}
Event: 5.670 GC heap after
{Heap after GC invocations=11 (full 1):
 garbage-first heap   total 39936K, used 23786K [0x0000000082800000, 0x0000000100000000)
  region size 1024K, 1 young (1024K), 1 survivors (1024K)
 Metaspace       used 9655K, committed 9920K, reserved 1064960K
  class space    used 1089K, committed 1216K, reserved 1048576K
}
Event: 5.687 GC heap before
{Heap before GC invocations=11 (full 1):
 garbage-first heap   total 39936K, used 23786K [0x0000000082800000, 0x0000000100000000)
  region size 1024K, 2 young (2048K), 1 survivors (1024K)
 Metaspace       used 9685K, committed 9920K, reserved 1064960K
  class space    used 1089K, committed 1216K, reserved 1048576K
}
Event: 5.689 GC heap after
{Heap after GC invocations=12 (full 1):
 garbage-first heap   total 93184K, used 24168K [0x0000000082800000, 0x0000000100000000)
  region size 1024K, 1 young (1024K), 1 survivors (1024K)
 Metaspace       used 9685K, committed 9920K, reserved 1064960K
  class space    used 1089K, committed 1216K, reserved 1048576K
}
Event: 6.202 GC heap before
{Heap before GC invocations=12 (full 1):
 garbage-first heap   total 93184K, used 49768K [0x0000000082800000, 0x0000000100000000)
  region size 1024K, 18 young (18432K), 1 survivors (1024K)
 Metaspace       used 10672K, committed 10944K, reserved 1064960K
  class space    used 1263K, committed 1408K, reserved 1048576K
}
Event: 6.211 GC heap after
{Heap after GC invocations=13 (full 2):
 garbage-first heap   total 93184K, used 39440K [0x0000000082800000, 0x0000000100000000)
  region size 1024K, 0 young (0K), 0 survivors (0K)
 Metaspace       used 10672K, committed 10944K, reserved 1064960K
  class space    used 1263K, committed 1408K, reserved 1048576K
}
Event: 7.833 GC heap before
{Heap before GC invocations=13 (full 2):
 garbage-first heap   total 93184K, used 40464K [0x0000000082800000, 0x0000000100000000)
  region size 1024K, 2 young (2048K), 0 survivors (0K)
 Metaspace       used 10872K, committed 11072K, reserved 1064960K
  class space    used 1276K, committed 1408K, reserved 1048576K
}
Event: 7.844 GC heap after
{Heap after GC invocations=14 (full 3):
 garbage-first heap   total 93184K, used 39533K [0x0000000082800000, 0x0000000100000000)
  region size 1024K, 0 young (0K), 0 survivors (0K)
 Metaspace       used 10872K, committed 11072K, reserved 1064960K
  class space    used 1276K, committed 1408K, reserved 1048576K
}
Event: 41.173 GC heap before
{Heap before GC invocations=14 (full 3):
 garbage-first heap   total 93184K, used 61037K [0x0000000082800000, 0x0000000100000000)
  region size 1024K, 21 young (21504K), 0 survivors (0K)
 Metaspace       used 11057K, committed 11328K, reserved 1064960K
  class space    used 1276K, committed 1408K, reserved 1048576K
}
Event: 41.174 GC heap after
{Heap after GC invocations=15 (full 3):
 garbage-first heap   total 93184K, used 39573K [0x0000000082800000, 0x0000000100000000)
  region size 1024K, 1 young (1024K), 1 survivors (1024K)
 Metaspace       used 11057K, committed 11328K, reserved 1064960K
  class space    used 1276K, committed 1408K, reserved 1048576K
}

